<?xml version="1.0" encoding="UTF-8"?>
<robot generator="Robot 6.0.2 (Python 3.10.9 on win32)" generated="20230731 09:16:42.973" rpa="false" schemaversion="3">
<suite id="s1" name="Login" source="C:\Users\paresh.joshi\PycharmProjects\Demo_Project\LoginTest\login.robot">
<test id="s1-t1" name="Validate unsuccessful login functinality" line="10">
<kw name="Open Browser in new window">
<kw name="Open Browser" library="SeleniumLibrary">
<arg>https://dev.logibricks.com/</arg>
<arg>Chrome</arg>
<doc>Opens a new browser instance to the optional ``url``.</doc>
<msg timestamp="20230731 09:16:43.129" level="INFO">Opening browser 'Chrome' to base url 'https://dev.logibricks.com/'.</msg>
<status status="PASS" starttime="20230731 09:16:43.129" endtime="20230731 09:16:45.193"/>
</kw>
<kw name="Sleep" library="BuiltIn">
<arg>5</arg>
<doc>Pauses the test executed for the given time.</doc>
<msg timestamp="20230731 09:16:50.206" level="INFO">Slept 5 seconds</msg>
<status status="PASS" starttime="20230731 09:16:45.193" endtime="20230731 09:16:50.206"/>
</kw>
<status status="PASS" starttime="20230731 09:16:43.129" endtime="20230731 09:16:50.206"/>
</kw>
<kw name="varify welcome message">
<kw name="Element Text Should Be" library="SeleniumLibrary">
<arg>xpath://div[@class='body1 text-bgColor-100 mt-4']</arg>
<arg>Welcome Back ! Please Enter your details</arg>
<doc>Verifies that element ``locator`` contains exact the text ``expected``.</doc>
<msg timestamp="20230731 09:16:50.206" level="INFO">Verifying element 'xpath://div[@class='body1 text-bgColor-100 mt-4']' contains exact text 'Welcome Back ! Please Enter your details'.</msg>
<status status="PASS" starttime="20230731 09:16:50.206" endtime="20230731 09:16:50.245"/>
</kw>
<kw name="Log To Console" library="BuiltIn">
<arg>Welcome Back ! Please Enter your details</arg>
<doc>Logs the given message to the console.</doc>
<status status="PASS" starttime="20230731 09:16:50.245" endtime="20230731 09:16:50.245"/>
</kw>
<kw name="Sleep" library="BuiltIn">
<arg>5</arg>
<doc>Pauses the test executed for the given time.</doc>
<msg timestamp="20230731 09:16:55.259" level="INFO">Slept 5 seconds</msg>
<status status="PASS" starttime="20230731 09:16:50.245" endtime="20230731 09:16:55.259"/>
</kw>
<status status="PASS" starttime="20230731 09:16:50.206" endtime="20230731 09:16:55.259"/>
</kw>
<kw name="Fill the login details">
<kw name="Input Text" library="SeleniumLibrary">
<arg>xpath://input[@id='email']</arg>
<arg>paresh+700@logibricks.in</arg>
<doc>Types the given ``text`` into the text field identified by ``locator``.</doc>
<msg timestamp="20230731 09:16:55.263" level="INFO">Typing text 'paresh+700@logibricks.in' into text field 'xpath://input[@id='email']'.</msg>
<status status="PASS" starttime="20230731 09:16:55.259" endtime="20230731 09:16:55.381"/>
</kw>
<kw name="Input Text" library="SeleniumLibrary">
<arg>xpath://input[@id='password']</arg>
<arg>Advik@007</arg>
<doc>Types the given ``text`` into the text field identified by ``locator``.</doc>
<msg timestamp="20230731 09:16:55.381" level="INFO">Typing text 'Advik@007' into text field 'xpath://input[@id='password']'.</msg>
<status status="PASS" starttime="20230731 09:16:55.381" endtime="20230731 09:16:55.504"/>
</kw>
<kw name="Click Button" library="SeleniumLibrary">
<arg>xpath://button[@id='next']</arg>
<doc>Clicks the button identified by ``locator``.</doc>
<msg timestamp="20230731 09:16:55.504" level="INFO">Clicking button 'xpath://button[@id='next']'.</msg>
<status status="PASS" starttime="20230731 09:16:55.504" endtime="20230731 09:16:55.570"/>
</kw>
<kw name="Sleep" library="BuiltIn">
<arg>5</arg>
<doc>Pauses the test executed for the given time.</doc>
<msg timestamp="20230731 09:17:00.579" level="INFO">Slept 5 seconds</msg>
<status status="PASS" starttime="20230731 09:16:55.570" endtime="20230731 09:17:00.579"/>
</kw>
<status status="PASS" starttime="20230731 09:16:55.259" endtime="20230731 09:17:00.579"/>
</kw>
<kw name="get current url">
<kw name="get current url">
<var>${url}</var>
<kw name="get current url">
<var>${url}</var>
<kw name="get current url">
<var>${url}</var>
<kw name="get current url">
<var>${url}</var>
<kw name="get current url">
<var>${url}</var>
<kw name="get current url">
<var>${url}</var>
<kw name="get current url">
<var>${url}</var>
<kw name="get current url">
<var>${url}</var>
<kw name="get current url">
<var>${url}</var>
<kw name="get current url">
<var>${url}</var>
<kw name="get current url">
<var>${url}</var>
<kw name="get current url">
<var>${url}</var>
<kw name="get current url">
<var>${url}</var>
<kw name="get current url">
<var>${url}</var>
<kw name="get current url">
<var>${url}</var>
<kw name="get current url">
<var>${url}</var>
<kw name="get current url">
<var>${url}</var>
<kw name="get current url">
<var>${url}</var>
<kw name="get current url">
<var>${url}</var>
<kw name="get current url">
<var>${url}</var>
<kw name="get current url">
<var>${url}</var>
<kw name="get current url">
<var>${url}</var>
<kw name="get current url">
<var>${url}</var>
<kw name="get current url">
<var>${url}</var>
<kw name="get current url">
<var>${url}</var>
<kw name="get current url">
<var>${url}</var>
<kw name="get current url">
<var>${url}</var>
<kw name="get current url">
<var>${url}</var>
<kw name="get current url">
<var>${url}</var>
<kw name="get current url">
<var>${url}</var>
<kw name="get current url">
<var>${url}</var>
<kw name="get current url">
<var>${url}</var>
<kw name="get current url">
<var>${url}</var>
<kw name="get current url">
<var>${url}</var>
<kw name="get current url">
<var>${url}</var>
<kw name="get current url">
<var>${url}</var>
<kw name="get current url">
<var>${url}</var>
<kw name="get current url">
<var>${url}</var>
<kw name="get current url">
<var>${url}</var>
<kw name="get current url">
<var>${url}</var>
<kw name="get current url">
<var>${url}</var>
<kw name="get current url">
<var>${url}</var>
<kw name="get current url">
<var>${url}</var>
<kw name="get current url">
<var>${url}</var>
<kw name="get current url">
<var>${url}</var>
<kw name="get current url">
<var>${url}</var>
<kw name="get current url">
<var>${url}</var>
<kw name="get current url">
<var>${url}</var>
<kw name="get current url">
<var>${url}</var>
<kw name="get current url">
<var>${url}</var>
<kw name="get current url">
<var>${url}</var>
<kw name="get current url">
<var>${url}</var>
<kw name="get current url">
<var>${url}</var>
<kw name="get current url">
<var>${url}</var>
<kw name="get current url">
<var>${url}</var>
<kw name="get current url">
<var>${url}</var>
<kw name="get current url">
<var>${url}</var>
<kw name="get current url">
<var>${url}</var>
<kw name="get current url">
<var>${url}</var>
<kw name="get current url">
<var>${url}</var>
<kw name="get current url">
<var>${url}</var>
<kw name="get current url">
<var>${url}</var>
<kw name="get current url">
<var>${url}</var>
<kw name="get current url">
<var>${url}</var>
<kw name="get current url">
<var>${url}</var>
<kw name="get current url">
<var>${url}</var>
<kw name="get current url">
<var>${url}</var>
<kw name="get current url">
<var>${url}</var>
<kw name="get current url">
<var>${url}</var>
<kw name="get current url">
<var>${url}</var>
<kw name="get current url">
<var>${url}</var>
<kw name="get current url">
<var>${url}</var>
<kw name="get current url">
<var>${url}</var>
<kw name="get current url">
<var>${url}</var>
<kw name="get current url">
<var>${url}</var>
<kw name="get current url">
<var>${url}</var>
<kw name="get current url">
<var>${url}</var>
<kw name="get current url">
<var>${url}</var>
<kw name="get current url">
<var>${url}</var>
<kw name="get current url">
<var>${url}</var>
<kw name="get current url">
<var>${url}</var>
<kw name="get current url">
<var>${url}</var>
<kw name="get current url">
<var>${url}</var>
<kw name="get current url">
<var>${url}</var>
<kw name="get current url">
<var>${url}</var>
<kw name="get current url">
<var>${url}</var>
<kw name="get current url">
<var>${url}</var>
<kw name="get current url">
<var>${url}</var>
<kw name="get current url">
<var>${url}</var>
<kw name="get current url">
<var>${url}</var>
<kw name="get current url">
<var>${url}</var>
<kw name="get current url">
<var>${url}</var>
<kw name="get current url">
<var>${url}</var>
<kw name="get current url">
<var>${url}</var>
<kw name="get current url">
<var>${url}</var>
<kw name="get current url">
<var>${url}</var>
<kw name="get current url">
<var>${url}</var>
<kw name="get current url">
<var>${url}</var>
<kw name="get current url">
<var>${url}</var>
<msg timestamp="20230731 09:17:00.631" level="FAIL">Maximum limit of started keywords and control structures exceeded.</msg>
<status status="FAIL" starttime="20230731 09:17:00.631" endtime="20230731 09:17:00.631"/>
</kw>
<msg timestamp="20230731 09:17:00.632" level="FAIL">Maximum limit of started keywords and control structures exceeded.</msg>
<status status="FAIL" starttime="20230731 09:17:00.631" endtime="20230731 09:17:00.632"/>
</kw>
<msg timestamp="20230731 09:17:00.632" level="FAIL">Maximum limit of started keywords and control structures exceeded.</msg>
<status status="FAIL" starttime="20230731 09:17:00.631" endtime="20230731 09:17:00.632"/>
</kw>
<msg timestamp="20230731 09:17:00.634" level="FAIL">Maximum limit of started keywords and control structures exceeded.</msg>
<status status="FAIL" starttime="20230731 09:17:00.631" endtime="20230731 09:17:00.634"/>
</kw>
<msg timestamp="20230731 09:17:00.634" level="FAIL">Maximum limit of started keywords and control structures exceeded.</msg>
<status status="FAIL" starttime="20230731 09:17:00.631" endtime="20230731 09:17:00.634"/>
</kw>
<msg timestamp="20230731 09:17:00.634" level="FAIL">Maximum limit of started keywords and control structures exceeded.</msg>
<status status="FAIL" starttime="20230731 09:17:00.630" endtime="20230731 09:17:00.634"/>
</kw>
<msg timestamp="20230731 09:17:00.635" level="FAIL">Maximum limit of started keywords and control structures exceeded.</msg>
<status status="FAIL" starttime="20230731 09:17:00.630" endtime="20230731 09:17:00.635"/>
</kw>
<msg timestamp="20230731 09:17:00.635" level="FAIL">Maximum limit of started keywords and control structures exceeded.</msg>
<status status="FAIL" starttime="20230731 09:17:00.630" endtime="20230731 09:17:00.635"/>
</kw>
<msg timestamp="20230731 09:17:00.636" level="FAIL">Maximum limit of started keywords and control structures exceeded.</msg>
<status status="FAIL" starttime="20230731 09:17:00.629" endtime="20230731 09:17:00.636"/>
</kw>
<msg timestamp="20230731 09:17:00.636" level="FAIL">Maximum limit of started keywords and control structures exceeded.</msg>
<status status="FAIL" starttime="20230731 09:17:00.629" endtime="20230731 09:17:00.636"/>
</kw>
<msg timestamp="20230731 09:17:00.636" level="FAIL">Maximum limit of started keywords and control structures exceeded.</msg>
<status status="FAIL" starttime="20230731 09:17:00.629" endtime="20230731 09:17:00.636"/>
</kw>
<msg timestamp="20230731 09:17:00.637" level="FAIL">Maximum limit of started keywords and control structures exceeded.</msg>
<status status="FAIL" starttime="20230731 09:17:00.627" endtime="20230731 09:17:00.637"/>
</kw>
<msg timestamp="20230731 09:17:00.637" level="FAIL">Maximum limit of started keywords and control structures exceeded.</msg>
<status status="FAIL" starttime="20230731 09:17:00.627" endtime="20230731 09:17:00.637"/>
</kw>
<msg timestamp="20230731 09:17:00.637" level="FAIL">Maximum limit of started keywords and control structures exceeded.</msg>
<status status="FAIL" starttime="20230731 09:17:00.627" endtime="20230731 09:17:00.637"/>
</kw>
<msg timestamp="20230731 09:17:00.637" level="FAIL">Maximum limit of started keywords and control structures exceeded.</msg>
<status status="FAIL" starttime="20230731 09:17:00.625" endtime="20230731 09:17:00.637"/>
</kw>
<msg timestamp="20230731 09:17:00.638" level="FAIL">Maximum limit of started keywords and control structures exceeded.</msg>
<status status="FAIL" starttime="20230731 09:17:00.625" endtime="20230731 09:17:00.638"/>
</kw>
<msg timestamp="20230731 09:17:00.638" level="FAIL">Maximum limit of started keywords and control structures exceeded.</msg>
<status status="FAIL" starttime="20230731 09:17:00.625" endtime="20230731 09:17:00.638"/>
</kw>
<msg timestamp="20230731 09:17:00.639" level="FAIL">Maximum limit of started keywords and control structures exceeded.</msg>
<status status="FAIL" starttime="20230731 09:17:00.625" endtime="20230731 09:17:00.639"/>
</kw>
<msg timestamp="20230731 09:17:00.639" level="FAIL">Maximum limit of started keywords and control structures exceeded.</msg>
<status status="FAIL" starttime="20230731 09:17:00.625" endtime="20230731 09:17:00.639"/>
</kw>
<msg timestamp="20230731 09:17:00.640" level="FAIL">Maximum limit of started keywords and control structures exceeded.</msg>
<status status="FAIL" starttime="20230731 09:17:00.621" endtime="20230731 09:17:00.640"/>
</kw>
<msg timestamp="20230731 09:17:00.640" level="FAIL">Maximum limit of started keywords and control structures exceeded.</msg>
<status status="FAIL" starttime="20230731 09:17:00.621" endtime="20230731 09:17:00.640"/>
</kw>
<msg timestamp="20230731 09:17:00.640" level="FAIL">Maximum limit of started keywords and control structures exceeded.</msg>
<status status="FAIL" starttime="20230731 09:17:00.621" endtime="20230731 09:17:00.640"/>
</kw>
<msg timestamp="20230731 09:17:00.640" level="FAIL">Maximum limit of started keywords and control structures exceeded.</msg>
<status status="FAIL" starttime="20230731 09:17:00.621" endtime="20230731 09:17:00.640"/>
</kw>
<msg timestamp="20230731 09:17:00.642" level="FAIL">Maximum limit of started keywords and control structures exceeded.</msg>
<status status="FAIL" starttime="20230731 09:17:00.621" endtime="20230731 09:17:00.642"/>
</kw>
<msg timestamp="20230731 09:17:00.642" level="FAIL">Maximum limit of started keywords and control structures exceeded.</msg>
<status status="FAIL" starttime="20230731 09:17:00.621" endtime="20230731 09:17:00.642"/>
</kw>
<msg timestamp="20230731 09:17:00.643" level="FAIL">Maximum limit of started keywords and control structures exceeded.</msg>
<status status="FAIL" starttime="20230731 09:17:00.621" endtime="20230731 09:17:00.643"/>
</kw>
<msg timestamp="20230731 09:17:00.643" level="FAIL">Maximum limit of started keywords and control structures exceeded.</msg>
<status status="FAIL" starttime="20230731 09:17:00.621" endtime="20230731 09:17:00.643"/>
</kw>
<msg timestamp="20230731 09:17:00.644" level="FAIL">Maximum limit of started keywords and control structures exceeded.</msg>
<status status="FAIL" starttime="20230731 09:17:00.621" endtime="20230731 09:17:00.644"/>
</kw>
<msg timestamp="20230731 09:17:00.644" level="FAIL">Maximum limit of started keywords and control structures exceeded.</msg>
<status status="FAIL" starttime="20230731 09:17:00.619" endtime="20230731 09:17:00.644"/>
</kw>
<msg timestamp="20230731 09:17:00.645" level="FAIL">Maximum limit of started keywords and control structures exceeded.</msg>
<status status="FAIL" starttime="20230731 09:17:00.619" endtime="20230731 09:17:00.645"/>
</kw>
<msg timestamp="20230731 09:17:00.645" level="FAIL">Maximum limit of started keywords and control structures exceeded.</msg>
<status status="FAIL" starttime="20230731 09:17:00.619" endtime="20230731 09:17:00.645"/>
</kw>
<msg timestamp="20230731 09:17:00.645" level="FAIL">Maximum limit of started keywords and control structures exceeded.</msg>
<status status="FAIL" starttime="20230731 09:17:00.619" endtime="20230731 09:17:00.645"/>
</kw>
<msg timestamp="20230731 09:17:00.645" level="FAIL">Maximum limit of started keywords and control structures exceeded.</msg>
<status status="FAIL" starttime="20230731 09:17:00.611" endtime="20230731 09:17:00.645"/>
</kw>
<msg timestamp="20230731 09:17:00.645" level="FAIL">Maximum limit of started keywords and control structures exceeded.</msg>
<status status="FAIL" starttime="20230731 09:17:00.611" endtime="20230731 09:17:00.645"/>
</kw>
<msg timestamp="20230731 09:17:00.645" level="FAIL">Maximum limit of started keywords and control structures exceeded.</msg>
<status status="FAIL" starttime="20230731 09:17:00.611" endtime="20230731 09:17:00.645"/>
</kw>
<msg timestamp="20230731 09:17:00.645" level="FAIL">Maximum limit of started keywords and control structures exceeded.</msg>
<status status="FAIL" starttime="20230731 09:17:00.611" endtime="20230731 09:17:00.645"/>
</kw>
<msg timestamp="20230731 09:17:00.645" level="FAIL">Maximum limit of started keywords and control structures exceeded.</msg>
<status status="FAIL" starttime="20230731 09:17:00.611" endtime="20230731 09:17:00.645"/>
</kw>
<msg timestamp="20230731 09:17:00.645" level="FAIL">Maximum limit of started keywords and control structures exceeded.</msg>
<status status="FAIL" starttime="20230731 09:17:00.611" endtime="20230731 09:17:00.645"/>
</kw>
<msg timestamp="20230731 09:17:00.645" level="FAIL">Maximum limit of started keywords and control structures exceeded.</msg>
<status status="FAIL" starttime="20230731 09:17:00.611" endtime="20230731 09:17:00.645"/>
</kw>
<msg timestamp="20230731 09:17:00.645" level="FAIL">Maximum limit of started keywords and control structures exceeded.</msg>
<status status="FAIL" starttime="20230731 09:17:00.611" endtime="20230731 09:17:00.645"/>
</kw>
<msg timestamp="20230731 09:17:00.645" level="FAIL">Maximum limit of started keywords and control structures exceeded.</msg>
<status status="FAIL" starttime="20230731 09:17:00.611" endtime="20230731 09:17:00.645"/>
</kw>
<msg timestamp="20230731 09:17:00.645" level="FAIL">Maximum limit of started keywords and control structures exceeded.</msg>
<status status="FAIL" starttime="20230731 09:17:00.611" endtime="20230731 09:17:00.645"/>
</kw>
<msg timestamp="20230731 09:17:00.645" level="FAIL">Maximum limit of started keywords and control structures exceeded.</msg>
<status status="FAIL" starttime="20230731 09:17:00.611" endtime="20230731 09:17:00.645"/>
</kw>
<msg timestamp="20230731 09:17:00.645" level="FAIL">Maximum limit of started keywords and control structures exceeded.</msg>
<status status="FAIL" starttime="20230731 09:17:00.611" endtime="20230731 09:17:00.645"/>
</kw>
<msg timestamp="20230731 09:17:00.645" level="FAIL">Maximum limit of started keywords and control structures exceeded.</msg>
<status status="FAIL" starttime="20230731 09:17:00.611" endtime="20230731 09:17:00.645"/>
</kw>
<msg timestamp="20230731 09:17:00.645" level="FAIL">Maximum limit of started keywords and control structures exceeded.</msg>
<status status="FAIL" starttime="20230731 09:17:00.603" endtime="20230731 09:17:00.645"/>
</kw>
<msg timestamp="20230731 09:17:00.645" level="FAIL">Maximum limit of started keywords and control structures exceeded.</msg>
<status status="FAIL" starttime="20230731 09:17:00.603" endtime="20230731 09:17:00.645"/>
</kw>
<msg timestamp="20230731 09:17:00.645" level="FAIL">Maximum limit of started keywords and control structures exceeded.</msg>
<status status="FAIL" starttime="20230731 09:17:00.603" endtime="20230731 09:17:00.645"/>
</kw>
<msg timestamp="20230731 09:17:00.645" level="FAIL">Maximum limit of started keywords and control structures exceeded.</msg>
<status status="FAIL" starttime="20230731 09:17:00.603" endtime="20230731 09:17:00.645"/>
</kw>
<msg timestamp="20230731 09:17:00.645" level="FAIL">Maximum limit of started keywords and control structures exceeded.</msg>
<status status="FAIL" starttime="20230731 09:17:00.603" endtime="20230731 09:17:00.645"/>
</kw>
<msg timestamp="20230731 09:17:00.645" level="FAIL">Maximum limit of started keywords and control structures exceeded.</msg>
<status status="FAIL" starttime="20230731 09:17:00.603" endtime="20230731 09:17:00.645"/>
</kw>
<msg timestamp="20230731 09:17:00.645" level="FAIL">Maximum limit of started keywords and control structures exceeded.</msg>
<status status="FAIL" starttime="20230731 09:17:00.603" endtime="20230731 09:17:00.652"/>
</kw>
<msg timestamp="20230731 09:17:00.652" level="FAIL">Maximum limit of started keywords and control structures exceeded.</msg>
<status status="FAIL" starttime="20230731 09:17:00.603" endtime="20230731 09:17:00.652"/>
</kw>
<msg timestamp="20230731 09:17:00.652" level="FAIL">Maximum limit of started keywords and control structures exceeded.</msg>
<status status="FAIL" starttime="20230731 09:17:00.603" endtime="20230731 09:17:00.652"/>
</kw>
<msg timestamp="20230731 09:17:00.652" level="FAIL">Maximum limit of started keywords and control structures exceeded.</msg>
<status status="FAIL" starttime="20230731 09:17:00.603" endtime="20230731 09:17:00.652"/>
</kw>
<msg timestamp="20230731 09:17:00.652" level="FAIL">Maximum limit of started keywords and control structures exceeded.</msg>
<status status="FAIL" starttime="20230731 09:17:00.603" endtime="20230731 09:17:00.652"/>
</kw>
<msg timestamp="20230731 09:17:00.652" level="FAIL">Maximum limit of started keywords and control structures exceeded.</msg>
<status status="FAIL" starttime="20230731 09:17:00.603" endtime="20230731 09:17:00.652"/>
</kw>
<msg timestamp="20230731 09:17:00.652" level="FAIL">Maximum limit of started keywords and control structures exceeded.</msg>
<status status="FAIL" starttime="20230731 09:17:00.603" endtime="20230731 09:17:00.652"/>
</kw>
<msg timestamp="20230731 09:17:00.652" level="FAIL">Maximum limit of started keywords and control structures exceeded.</msg>
<status status="FAIL" starttime="20230731 09:17:00.603" endtime="20230731 09:17:00.652"/>
</kw>
<msg timestamp="20230731 09:17:00.652" level="FAIL">Maximum limit of started keywords and control structures exceeded.</msg>
<status status="FAIL" starttime="20230731 09:17:00.603" endtime="20230731 09:17:00.652"/>
</kw>
<msg timestamp="20230731 09:17:00.652" level="FAIL">Maximum limit of started keywords and control structures exceeded.</msg>
<status status="FAIL" starttime="20230731 09:17:00.599" endtime="20230731 09:17:00.652"/>
</kw>
<msg timestamp="20230731 09:17:00.652" level="FAIL">Maximum limit of started keywords and control structures exceeded.</msg>
<status status="FAIL" starttime="20230731 09:17:00.599" endtime="20230731 09:17:00.652"/>
</kw>
<msg timestamp="20230731 09:17:00.652" level="FAIL">Maximum limit of started keywords and control structures exceeded.</msg>
<status status="FAIL" starttime="20230731 09:17:00.599" endtime="20230731 09:17:00.652"/>
</kw>
<msg timestamp="20230731 09:17:00.652" level="FAIL">Maximum limit of started keywords and control structures exceeded.</msg>
<status status="FAIL" starttime="20230731 09:17:00.599" endtime="20230731 09:17:00.652"/>
</kw>
<msg timestamp="20230731 09:17:00.652" level="FAIL">Maximum limit of started keywords and control structures exceeded.</msg>
<status status="FAIL" starttime="20230731 09:17:00.599" endtime="20230731 09:17:00.652"/>
</kw>
<msg timestamp="20230731 09:17:00.652" level="FAIL">Maximum limit of started keywords and control structures exceeded.</msg>
<status status="FAIL" starttime="20230731 09:17:00.599" endtime="20230731 09:17:00.652"/>
</kw>
<msg timestamp="20230731 09:17:00.652" level="FAIL">Maximum limit of started keywords and control structures exceeded.</msg>
<status status="FAIL" starttime="20230731 09:17:00.599" endtime="20230731 09:17:00.652"/>
</kw>
<msg timestamp="20230731 09:17:00.652" level="FAIL">Maximum limit of started keywords and control structures exceeded.</msg>
<status status="FAIL" starttime="20230731 09:17:00.598" endtime="20230731 09:17:00.652"/>
</kw>
<msg timestamp="20230731 09:17:00.652" level="FAIL">Maximum limit of started keywords and control structures exceeded.</msg>
<status status="FAIL" starttime="20230731 09:17:00.598" endtime="20230731 09:17:00.652"/>
</kw>
<msg timestamp="20230731 09:17:00.652" level="FAIL">Maximum limit of started keywords and control structures exceeded.</msg>
<status status="FAIL" starttime="20230731 09:17:00.598" endtime="20230731 09:17:00.652"/>
</kw>
<msg timestamp="20230731 09:17:00.660" level="FAIL">Maximum limit of started keywords and control structures exceeded.</msg>
<status status="FAIL" starttime="20230731 09:17:00.598" endtime="20230731 09:17:00.660"/>
</kw>
<msg timestamp="20230731 09:17:00.660" level="FAIL">Maximum limit of started keywords and control structures exceeded.</msg>
<status status="FAIL" starttime="20230731 09:17:00.598" endtime="20230731 09:17:00.660"/>
</kw>
<msg timestamp="20230731 09:17:00.660" level="FAIL">Maximum limit of started keywords and control structures exceeded.</msg>
<status status="FAIL" starttime="20230731 09:17:00.579" endtime="20230731 09:17:00.660"/>
</kw>
<msg timestamp="20230731 09:17:00.661" level="FAIL">Maximum limit of started keywords and control structures exceeded.</msg>
<status status="FAIL" starttime="20230731 09:17:00.579" endtime="20230731 09:17:00.661"/>
</kw>
<msg timestamp="20230731 09:17:00.661" level="FAIL">Maximum limit of started keywords and control structures exceeded.</msg>
<status status="FAIL" starttime="20230731 09:17:00.579" endtime="20230731 09:17:00.661"/>
</kw>
<msg timestamp="20230731 09:17:00.661" level="FAIL">Maximum limit of started keywords and control structures exceeded.</msg>
<status status="FAIL" starttime="20230731 09:17:00.579" endtime="20230731 09:17:00.661"/>
</kw>
<msg timestamp="20230731 09:17:00.661" level="FAIL">Maximum limit of started keywords and control structures exceeded.</msg>
<status status="FAIL" starttime="20230731 09:17:00.579" endtime="20230731 09:17:00.661"/>
</kw>
<msg timestamp="20230731 09:17:00.661" level="FAIL">Maximum limit of started keywords and control structures exceeded.</msg>
<status status="FAIL" starttime="20230731 09:17:00.579" endtime="20230731 09:17:00.661"/>
</kw>
<msg timestamp="20230731 09:17:00.661" level="FAIL">Maximum limit of started keywords and control structures exceeded.</msg>
<status status="FAIL" starttime="20230731 09:17:00.579" endtime="20230731 09:17:00.662"/>
</kw>
<msg timestamp="20230731 09:17:00.662" level="FAIL">Maximum limit of started keywords and control structures exceeded.</msg>
<status status="FAIL" starttime="20230731 09:17:00.579" endtime="20230731 09:17:00.662"/>
</kw>
<msg timestamp="20230731 09:17:00.662" level="FAIL">Maximum limit of started keywords and control structures exceeded.</msg>
<status status="FAIL" starttime="20230731 09:17:00.579" endtime="20230731 09:17:00.662"/>
</kw>
<msg timestamp="20230731 09:17:00.662" level="FAIL">Maximum limit of started keywords and control structures exceeded.</msg>
<status status="FAIL" starttime="20230731 09:17:00.579" endtime="20230731 09:17:00.662"/>
</kw>
<msg timestamp="20230731 09:17:00.662" level="FAIL">Maximum limit of started keywords and control structures exceeded.</msg>
<status status="FAIL" starttime="20230731 09:17:00.579" endtime="20230731 09:17:00.662"/>
</kw>
<msg timestamp="20230731 09:17:00.662" level="FAIL">Maximum limit of started keywords and control structures exceeded.</msg>
<status status="FAIL" starttime="20230731 09:17:00.579" endtime="20230731 09:17:00.662"/>
</kw>
<msg timestamp="20230731 09:17:00.662" level="FAIL">Maximum limit of started keywords and control structures exceeded.</msg>
<status status="FAIL" starttime="20230731 09:17:00.579" endtime="20230731 09:17:00.662"/>
</kw>
<msg timestamp="20230731 09:17:00.662" level="FAIL">Maximum limit of started keywords and control structures exceeded.</msg>
<status status="FAIL" starttime="20230731 09:17:00.579" endtime="20230731 09:17:00.662"/>
</kw>
<msg timestamp="20230731 09:17:00.662" level="FAIL">Maximum limit of started keywords and control structures exceeded.</msg>
<status status="FAIL" starttime="20230731 09:17:00.579" endtime="20230731 09:17:00.662"/>
</kw>
<msg timestamp="20230731 09:17:00.662" level="FAIL">Maximum limit of started keywords and control structures exceeded.</msg>
<status status="FAIL" starttime="20230731 09:17:00.579" endtime="20230731 09:17:00.662"/>
</kw>
<msg timestamp="20230731 09:17:00.662" level="FAIL">Maximum limit of started keywords and control structures exceeded.</msg>
<status status="FAIL" starttime="20230731 09:17:00.579" endtime="20230731 09:17:00.662"/>
</kw>
<msg timestamp="20230731 09:17:00.662" level="FAIL">Maximum limit of started keywords and control structures exceeded.</msg>
<status status="FAIL" starttime="20230731 09:17:00.579" endtime="20230731 09:17:00.662"/>
</kw>
<msg timestamp="20230731 09:17:00.662" level="FAIL">Maximum limit of started keywords and control structures exceeded.</msg>
<status status="FAIL" starttime="20230731 09:17:00.579" endtime="20230731 09:17:00.662"/>
</kw>
<msg timestamp="20230731 09:17:00.662" level="FAIL">Maximum limit of started keywords and control structures exceeded.</msg>
<status status="FAIL" starttime="20230731 09:17:00.579" endtime="20230731 09:17:00.662"/>
</kw>
<msg timestamp="20230731 09:17:00.662" level="FAIL">Maximum limit of started keywords and control structures exceeded.</msg>
<status status="FAIL" starttime="20230731 09:17:00.579" endtime="20230731 09:17:00.662"/>
</kw>
<msg timestamp="20230731 09:17:00.662" level="FAIL">Maximum limit of started keywords and control structures exceeded.</msg>
<status status="FAIL" starttime="20230731 09:17:00.579" endtime="20230731 09:17:00.662"/>
</kw>
<msg timestamp="20230731 09:17:00.668" level="FAIL">Maximum limit of started keywords and control structures exceeded.</msg>
<status status="FAIL" starttime="20230731 09:17:00.579" endtime="20230731 09:17:00.668"/>
</kw>
<msg timestamp="20230731 09:17:00.668" level="FAIL">Maximum limit of started keywords and control structures exceeded.</msg>
<status status="FAIL" starttime="20230731 09:17:00.579" endtime="20230731 09:17:00.669"/>
</kw>
<msg timestamp="20230731 09:17:00.669" level="FAIL">Maximum limit of started keywords and control structures exceeded.</msg>
<status status="FAIL" starttime="20230731 09:17:00.579" endtime="20230731 09:17:00.669"/>
</kw>
<msg timestamp="20230731 09:17:00.669" level="FAIL">Maximum limit of started keywords and control structures exceeded.</msg>
<status status="FAIL" starttime="20230731 09:17:00.579" endtime="20230731 09:17:00.669"/>
</kw>
<msg timestamp="20230731 09:17:00.669" level="FAIL">Maximum limit of started keywords and control structures exceeded.</msg>
<status status="FAIL" starttime="20230731 09:17:00.579" endtime="20230731 09:17:00.669"/>
</kw>
<msg timestamp="20230731 09:17:00.669" level="FAIL">Maximum limit of started keywords and control structures exceeded.</msg>
<status status="FAIL" starttime="20230731 09:17:00.579" endtime="20230731 09:17:00.669"/>
</kw>
<status status="FAIL" starttime="20230731 09:16:43.129" endtime="20230731 09:17:00.669">Maximum limit of started keywords and control structures exceeded.</status>
</test>
<doc>Valiadte login functionalaity</doc>
<status status="FAIL" starttime="20230731 09:16:42.988" endtime="20230731 09:17:00.670"/>
</suite>
<statistics>
<total>
<stat pass="0" fail="1" skip="0">All Tests</stat>
</total>
<tag>
</tag>
<suite>
<stat pass="0" fail="1" skip="0" id="s1" name="Login">Login</stat>
</suite>
</statistics>
<errors>
</errors>
</robot>
